# JRE version: OpenJDK Runtime Environment (8.0_242-b01) (build 1.8.0_242-release-1644-b01)
# Java VM: OpenJDK 64-Bit Server VM (25.242-b01 mixed mode windows-amd64 compressed oops)
Heap:
 PSYoungGen      total 18432K, used 3967K [0x00000000eab00000, 0x00000000ebf80000, 0x0000000100000000)
  eden space 15872K, 9% used [0x00000000eab00000,0x00000000eac72220,0x00000000eba80000)
  from space 2560K, 97% used [0x00000000eba80000,0x00000000ebcedcc8,0x00000000ebd00000)
  to   space 2560K, 0% used [0x00000000ebd00000,0x00000000ebd00000,0x00000000ebf80000)
 ParOldGen       total 30720K, used 5789K [0x00000000c0000000, 0x00000000c1e00000, 0x00000000eab00000)
  object space 30720K, 18% used [0x00000000c0000000,0x00000000c05a7530,0x00000000c1e00000)
 Metaspace       used 15993K, capacity 16532K, committed 16640K, reserved 1064960K
  class space    used 2108K, capacity 2270K, committed 2304K, reserved 1048576K
GC Heap History (10 events):
Event: 2.439 GC heap before
{Heap before GC invocations=6 (full 0):
 PSYoungGen      total 18432K, used 18432K [0x00000000eab00000, 0x00000000ebf80000, 0x0000000100000000)
  eden space 15872K, 100% used [0x00000000eab00000,0x00000000eba80000,0x00000000eba80000)
  from space 2560K, 100% used [0x00000000eba80000,0x00000000ebd00000,0x00000000ebd00000)
  to   space 2560K, 0% used [0x00000000ebd00000,0x00000000ebd00000,0x00000000ebf80000)
 ParOldGen       total 42496K, used 2394K [0x00000000c0000000, 0x00000000c2980000, 0x00000000eab00000)
  object space 42496K, 5% used [0x00000000c0000000,0x00000000c0256820,0x00000000c2980000)
 Metaspace       used 11530K, capacity 11822K, committed 11904K, reserved 1058816K
  class space    used 1535K, capacity 1641K, committed 1664K, reserved 1048576K
Event: 2.447 GC heap after
Heap after GC invocations=6 (full 0):
 PSYoungGen      total 18432K, used 2544K [0x00000000eab00000, 0x00000000ebf80000, 0x0000000100000000)
  eden space 15872K, 0% used [0x00000000eab00000,0x00000000eab00000,0x00000000eba80000)
  from space 2560K, 99% used [0x00000000ebd00000,0x00000000ebf7c010,0x00000000ebf80000)
  to   space 2560K, 0% used [0x00000000eba80000,0x00000000eba80000,0x00000000ebd00000)
 ParOldGen       total 42496K, used 4635K [0x00000000c0000000, 0x00000000c2980000, 0x00000000eab00000)
  object space 42496K, 10% used [0x00000000c0000000,0x00000000c0486ef0,0x00000000c2980000)
 Metaspace       used 11530K, capacity 11822K, committed 11904K, reserved 1058816K
  class space    used 1535K, capacity 1641K, committed 1664K, reserved 1048576K
}
Event: 2.789 GC heap before
{Heap before GC invocations=7 (full 0):
 PSYoungGen      total 18432K, used 8213K [0x00000000eab00000, 0x00000000ebf80000, 0x0000000100000000)
  eden space 15872K, 35% used [0x00000000eab00000,0x00000000eb0897a0,0x00000000eba80000)
  from space 2560K, 99% used [0x00000000ebd00000,0x00000000ebf7c010,0x00000000ebf80000)
  to   space 2560K, 0% used [0x00000000eba80000,0x00000000eba80000,0x00000000ebd00000)
 ParOldGen       total 42496K, used 4635K [0x00000000c0000000, 0x00000000c2980000, 0x00000000eab00000)
  object space 42496K, 10% used [0x00000000c0000000,0x00000000c0486ef0,0x00000000c2980000)
 Metaspace       used 12449K, capacity 12756K, committed 12800K, reserved 1064960K
  class space    used 1680K, capacity 1784K, committed 1792K, reserved 1048576K
Event: 2.795 GC heap after
Heap after GC invocations=7 (full 0):
 PSYoungGen      total 18432K, used 2096K [0x00000000eab00000, 0x00000000ebf80000, 0x0000000100000000)
  eden space 15872K, 0% used [0x00000000eab00000,0x00000000eab00000,0x00000000eba80000)
  from space 2560K, 81% used [0x00000000eba80000,0x00000000ebc8c010,0x00000000ebd00000)
  to   space 2560K, 0% used [0x00000000ebd00000,0x00000000ebd00000,0x00000000ebf80000)
 ParOldGen       total 42496K, used 5955K [0x00000000c0000000, 0x00000000c2980000, 0x00000000eab00000)
  object space 42496K, 14% used [0x00000000c0000000,0x00000000c05d0f30,0x00000000c2980000)
 Metaspace       used 12449K, capacity 12756K, committed 12800K, reserved 1064960K
  class space    used 1680K, capacity 1784K, committed 1792K, reserved 1048576K
}
Event: 2.795 GC heap before
{Heap before GC invocations=8 (full 1):
 PSYoungGen      total 18432K, used 2096K [0x00000000eab00000, 0x00000000ebf80000, 0x0000000100000000)
  eden space 15872K, 0% used [0x00000000eab00000,0x00000000eab00000,0x00000000eba80000)
  from space 2560K, 81% used [0x00000000eba80000,0x00000000ebc8c010,0x00000000ebd00000)
  to   space 2560K, 0% used [0x00000000ebd00000,0x00000000ebd00000,0x00000000ebf80000)
 ParOldGen       total 42496K, used 5955K [0x00000000c0000000, 0x00000000c2980000, 0x00000000eab00000)
  object space 42496K, 14% used [0x00000000c0000000,0x00000000c05d0f30,0x00000000c2980000)
 Metaspace       used 12449K, capacity 12756K, committed 12800K, reserved 1064960K
  class space    used 1680K, capacity 1784K, committed 1792K, reserved 1048576K
Event: 2.823 GC heap after
Heap after GC invocations=8 (full 1):
 PSYoungGen      total 18432K, used 0K [0x00000000eab00000, 0x00000000ebf80000, 0x0000000100000000)
  eden space 15872K, 0% used [0x00000000eab00000,0x00000000eab00000,0x00000000eba80000)
  from space 2560K, 0% used [0x00000000eba80000,0x00000000eba80000,0x00000000ebd00000)
  to   space 2560K, 0% used [0x00000000ebd00000,0x00000000ebd00000,0x00000000ebf80000)
 ParOldGen       total 30720K, used 5789K [0x00000000c0000000, 0x00000000c1e00000, 0x00000000eab00000)
  object space 30720K, 18% used [0x00000000c0000000,0x00000000c05a7530,0x00000000c1e00000)
 Metaspace       used 12449K, capacity 12756K, committed 12800K, reserved 1062912K
  class space    used 1680K, capacity 1784K, committed 1792K, reserved 1048576K
}
Event: 2.980 GC heap before
{Heap before GC invocations=9 (full 1):
 PSYoungGen      total 18432K, used 15872K [0x00000000eab00000, 0x00000000ebf80000, 0x0000000100000000)
  eden space 15872K, 100% used [0x00000000eab00000,0x00000000eba80000,0x00000000eba80000)
  from space 2560K, 0% used [0x00000000eba80000,0x00000000eba80000,0x00000000ebd00000)
  to   space 2560K, 0% used [0x00000000ebd00000,0x00000000ebd00000,0x00000000ebf80000)
 ParOldGen       total 30720K, used 5789K [0x00000000c0000000, 0x00000000c1e00000, 0x00000000eab00000)
  object space 30720K, 18% used [0x00000000c0000000,0x00000000c05a7530,0x00000000c1e00000)
 Metaspace       used 13215K, capacity 13634K, committed 13824K, reserved 1062912K
  class space    used 1822K, capacity 1947K, committed 2048K, reserved 1048576K
Event: 2.982 GC heap after
Heap after GC invocations=9 (full 1):
 PSYoungGen      total 18432K, used 1431K [0x00000000eab00000, 0x00000000ebf80000, 0x0000000100000000)
  eden space 15872K, 0% used [0x00000000eab00000,0x00000000eab00000,0x00000000eba80000)
  from space 2560K, 55% used [0x00000000ebd00000,0x00000000ebe65f68,0x00000000ebf80000)
  to   space 2560K, 0% used [0x00000000eba80000,0x00000000eba80000,0x00000000ebd00000)
 ParOldGen       total 30720K, used 5789K [0x00000000c0000000, 0x00000000c1e00000, 0x00000000eab00000)
  object space 30720K, 18% used [0x00000000c0000000,0x00000000c05a7530,0x00000000c1e00000)
 Metaspace       used 13215K, capacity 13634K, committed 13824K, reserved 1062912K
  class space    used 1822K, capacity 1947K, committed 2048K, reserved 1048576K
}
Event: 3.288 GC heap before
{Heap before GC invocations=10 (full 1):
 PSYoungGen      total 18432K, used 17303K [0x00000000eab00000, 0x00000000ebf80000, 0x0000000100000000)
  eden space 15872K, 100% used [0x00000000eab00000,0x00000000eba80000,0x00000000eba80000)
  from space 2560K, 55% used [0x00000000ebd00000,0x00000000ebe65f68,0x00000000ebf80000)
  to   space 2560K, 0% used [0x00000000eba80000,0x00000000eba80000,0x00000000ebd00000)
 ParOldGen       total 30720K, used 5789K [0x00000000c0000000, 0x00000000c1e00000, 0x00000000eab00000)
  object space 30720K, 18% used [0x00000000c0000000,0x00000000c05a7530,0x00000000c1e00000)
 Metaspace       used 15741K, capacity 16368K, committed 16640K, reserved 1064960K
  class space    used 2071K, capacity 2260K, committed 2304K, reserved 1048576K
Event: 3.293 GC heap after
Heap after GC invocations=10 (full 1):
 PSYoungGen      total 18432K, used 2487K [0x00000000eab00000, 0x00000000ebf80000, 0x0000000100000000)
  eden space 15872K, 0% used [0x00000000eab00000,0x00000000eab00000,0x00000000eba80000)
  from space 2560K, 97% used [0x00000000eba80000,0x00000000ebcedcc8,0x00000000ebd00000)
  to   space 2560K, 0% used [0x00000000ebd00000,0x00000000ebd00000,0x00000000ebf80000)
 ParOldGen       total 30720K, used 5789K [0x00000000c0000000, 0x00000000c1e00000, 0x00000000eab00000)
  object space 30720K, 18% used [0x00000000c0000000,0x00000000c05a7530,0x00000000c1e00000)
 Metaspace       used 15741K, capacity 16368K, committed 16640K, reserved 1064960K
  class space    used 2071K, capacity 2260K, committed 2304K, reserved 1048576K
}

